TN:
SF:/var/www/html/vue-todo-list/src/components/InputTask.vue
FN:10,data
FN:15,createTask
FN:21,clearField
FN:24,broadcast
FN:27,addTask
FNF:5
FNH:1
FNDA:1,data
FNDA:0,createTask
FNDA:0,clearField
FNDA:0,broadcast
FNDA:0,addTask
DA:0,1
DA:8,1
DA:12,1
DA:18,0
DA:19,0
DA:20,0
DA:21,0
DA:24,0
DA:27,0
DA:30,0
DA:31,0
DA:32,0
DA:33,0
LF:13
LH:3
BRF:0
BRH:0
end_of_record
TN:
SF:/var/www/html/vue-todo-list/src/models/Tasks.js
FN:12,_interopRequireDefault
FN:14,Task
FNF:2
FNH:1
FNDA:1,_interopRequireDefault
FNDA:0,Task
DA:0,1
DA:2,0
DA:3,0
DA:4,0
DA:5,0
LF:5
LH:1
BRDA:12,1,0,1
BRDA:12,1,1,0
BRDA:12,2,0,1
BRDA:12,2,1,1
BRF:4
BRH:4
end_of_record
TN:
SF:/var/www/html/vue-todo-list/src/App.vue
FN:15,_interopRequireDefault
FN:23,data
FN:30,addTask
FNF:3
FNH:1
FNDA:2,_interopRequireDefault
FNDA:0,data
FNDA:0,addTask
DA:0,2
DA:12,1
DA:13,1
DA:22,0
DA:28,0
LF:5
LH:3
BRDA:15,1,0,0
BRDA:15,1,1,2
BRDA:15,2,0,2
BRDA:15,2,1,2
BRF:4
BRH:4
end_of_record
TN:
SF:/var/www/html/vue-todo-list/src/components/TaskList.vue
FN:9,sortedTasks
FN:11,(anonymous_2)
FN:19,completeTask
FNF:3
FNH:0
FNDA:0,sortedTasks
FNDA:0,(anonymous_2)
FNDA:0,completeTask
DA:0,1
DA:17,0
DA:18,0
DA:19,0
DA:20,0
DA:21,0
DA:27,0
LF:7
LH:1
BRDA:12,1,0,0
BRDA:12,1,1,0
BRDA:13,2,0,0
BRDA:13,2,1,0
BRF:4
BRH:0
end_of_record
